<?xml version="1.0" encoding="UTF-8"?>
<!-- Generated by org.testng.reporters.JUnitXMLReporter -->
<testsuite hostname="Vineets-MacBook-Pro.local" name="Test" tests="4" failures="0" timestamp="19 Oct 2019 18:29:40 GMT" time="175.346" errors="0">
  <testcase name="validatecourse" time="18.453" classname="com.edureka.project.Selenium.validateCourse"/>
  <testcase name="listSeleniumBlog" time="27.184" classname="com.edureka.project.Selenium.listSeleniumBlog"/>
  <testcase name="searchSelenium" time="29.64" classname="com.edureka.project.Selenium.searchSeleniumCourse"/>
  <testcase name="searchSelenium" time="51.39" classname="com.edureka.project.Selenium.UpdateProfile"/>
</testsuite> <!-- Test -->
